#
# There is insufficient memory for the Java Runtime Environment to continue.
# Native memory allocation (mmap) failed to map 536870912 bytes. Error detail: G1 virtual space
# Possible reasons:
#   The system is out of physical RAM or swap space
#   This process is running with CompressedOops enabled, and the Java Heap may be blocking the growth of the native heap
# Possible solutions:
#   Reduce memory load on the system
#   Increase physical memory or swap space
#   Check if swap backing store is full
#   Decrease Java heap size (-Xmx/-Xms)
#   Decrease number of Java threads
#   Decrease Java thread stack sizes (-Xss)
#   Set larger code cache with -XX:ReservedCodeCacheSize=
#   JVM is running with Unscaled Compressed Oops mode in which the Java heap is
#     placed in the first 4GB address space. The Java Heap base address is the
#     maximum limit for the native heap growth. Please use -XX:HeapBaseMinAddress
#     to set the Java Heap base and to place the Java Heap above 4GB virtual address.
# This output file may be truncated or incomplete.
#
#  Out of Memory Error (os_windows.cpp:3616), pid=25632, tid=20520
#
# JRE version:  (21.0.4+7) (build )
# Java VM: OpenJDK 64-Bit Server VM (21.0.4+7-LTS, mixed mode, sharing, tiered, compressed oops, compressed class ptrs, g1 gc, windows-amd64)
# No core dump will be written. Minidumps are not enabled by default on client versions of Windows
#

---------------  S U M M A R Y ------------

Command Line: -Ddebugger.agent.enable.coroutines=true -Dkotlinx.coroutines.debug.enable.creation.stack.trace=false -Dorg.gradle.internal.worker.tmpdir=F:\Minecraft Mods\Showbiz-LowLevel\lib\build\tmp\test\work -Dorg.gradle.native=false -agentlib:jdwp=transport=dt_socket,server=n,suspend=y,address=127.0.0.1:58000 -javaagent:C:\Users\FlooferLand\AppData\Local\JetBrains\IdeaIC2024.2\captureAgent\debugger-agent.jar -Xmx512m -Dfile.encoding=UTF-8 -Duser.country=GB -Duser.language=en -Duser.variant -ea worker.org.gradle.process.internal.worker.GradleWorkerMain 'Gradle Test Executor 1'

Host: AMD Ryzen 5 3600 6-Core Processor              , 12 cores, 31G,  Windows 11 , 64 bit Build 22621 (10.0.22621.3958)
Time: Thu Aug  8 09:11:13 2024 E. Europe Summer Time elapsed time: 0.011817 seconds (0d 0h 0m 0s)

---------------  T H R E A D  ---------------

Current thread (0x000002b494b1d080):  JavaThread "Unknown thread" [_thread_in_vm, id=20520, stack(0x000000f80d300000,0x000000f80d400000) (1024K)]

Stack: [0x000000f80d300000,0x000000f80d400000]
Native frames: (J=compiled Java code, j=interpreted, Vv=VM code, C=native code)
V  [jvm.dll+0x6d6f99]
V  [jvm.dll+0x8b1f81]
V  [jvm.dll+0x8b42ee]
V  [jvm.dll+0x8b49d3]
V  [jvm.dll+0x286b56]
V  [jvm.dll+0x6d3635]
V  [jvm.dll+0x6c802a]
V  [jvm.dll+0x35ddaa]
V  [jvm.dll+0x365986]
V  [jvm.dll+0x3b7a3e]
V  [jvm.dll+0x3b7ce8]
V  [jvm.dll+0x3316ec]
V  [jvm.dll+0x33227b]
V  [jvm.dll+0x87a409]
V  [jvm.dll+0x3c4b11]
V  [jvm.dll+0x863613]
V  [jvm.dll+0x45901e]
V  [jvm.dll+0x45ac91]
C  [jli.dll+0x5343]
C  [ucrtbase.dll+0x29333]
C  [KERNEL32.DLL+0x1257d]
C  [ntdll.dll+0x5af28]


---------------  P R O C E S S  ---------------

Threads class SMR info:
_java_thread_list=0x00007ffa9ff74108, length=0, elements={
}

Java Threads: ( => current thread )
Total: 0

Other Threads:
  0x000002b496ded7a0 WorkerThread "GC Thread#0"                     [id=21132, stack(0x000000f80d400000,0x000000f80d500000) (1024K)]
  0x000002b496df2790 ConcurrentGCThread "G1 Main Marker"            [id=24636, stack(0x000000f80d500000,0x000000f80d600000) (1024K)]
  0x000002b496df3450 WorkerThread "G1 Conc#0"                       [id=19864, stack(0x000000f80d600000,0x000000f80d700000) (1024K)]

[error occurred during error reporting (printing all threads), id 0xc0000005, EXCEPTION_ACCESS_VIOLATION (0xc0000005) at pc=0x00007ffa9f6747e7]
VM state: not at safepoint (not fully initialized)

VM Mutex/Monitor currently owned by a thread:  ([mutex/lock_event])
[0x00007ffa9ffe8c28] Heap_lock - owner thread: 0x000002b494b1d080

Heap address: 0x00000000e0000000, size: 512 MB, Compressed Oops mode: 32-bit

CDS archive(s) mapped at: [0x0000000000000000-0x0000000000000000-0x0000000000000000), size 0, SharedBaseAddress: 0x0000000800000000, ArchiveRelocationMode: 1.
Narrow klass base: 0x0000000000000000, Narrow klass shift: 0, Narrow klass range: 0x0

GC Precious Log:
 CardTable entry size: 512
 Card Set container configuration: InlinePtr #cards 5 size 8 Array Of Cards #cards 12 size 40 Howl #buckets 4 coarsen threshold 1843 Howl Bitmap #cards 512 size 80 coarsen threshold 460 Card regions per heap region 1 cards per card region 2048

Heap:
 garbage-first heap   total 0K, used 0K [0x00000000e0000000, 0x0000000100000000)
  region size 1024K, 0 young (0K), 0 survivors (0K)

[error occurred during error reporting (printing heap information), id 0xc0000005, EXCEPTION_ACCESS_VIOLATION (0xc0000005) at pc=0x00007ffa9fa607e9]
GC Heap History (0 events):
No events

Dll operation events (2 events):
Event: 0.007 Loaded shared library C:\Program Files\Zulu\zulu-21\bin\java.dll
Event: 0.007 Loaded shared library C:\Program Files\Zulu\zulu-21\bin\zip.dll

Deoptimization events (0 events):
No events

Classes loaded (0 events):
No events

Classes unloaded (0 events):
No events

Classes redefined (0 events):
No events

Internal exceptions (0 events):
No events

ZGC Phase Switch (0 events):
No events

VM Operations (0 events):
No events

Memory protections (0 events):
No events

Nmethod flushes (0 events):
No events

Events (0 events):
No events


Dynamic libraries:
0x00007ff7c2d50000 - 0x00007ff7c2d5e000 	C:\Program Files\Zulu\zulu-21\bin\java.exe
0x00007ffb4c670000 - 0x00007ffb4c887000 	C:\WINDOWS\SYSTEM32\ntdll.dll
0x00007ffb4b460000 - 0x00007ffb4b524000 	C:\WINDOWS\System32\KERNEL32.DLL
0x00007ffb49ff0000 - 0x00007ffb4a39d000 	C:\WINDOWS\System32\KERNELBASE.dll
0x00007ffb49b00000 - 0x00007ffb49c11000 	C:\WINDOWS\System32\ucrtbase.dll
0x00007ffb0fab0000 - 0x00007ffb0fac9000 	C:\Program Files\Zulu\zulu-21\bin\jli.dll
0x00007ffb0fa90000 - 0x00007ffb0faab000 	C:\Program Files\Zulu\zulu-21\bin\VCRUNTIME140.dll
0x00007ffb4ab00000 - 0x00007ffb4acae000 	C:\WINDOWS\System32\USER32.dll
0x00007ffb39590000 - 0x00007ffb39823000 	C:\WINDOWS\WinSxS\amd64_microsoft.windows.common-controls_6595b64144ccf1df_6.0.22621.3672_none_2713b9d173822955\COMCTL32.dll
0x00007ffb49a10000 - 0x00007ffb49a36000 	C:\WINDOWS\System32\win32u.dll
0x00007ffb4b3b0000 - 0x00007ffb4b457000 	C:\WINDOWS\System32\msvcrt.dll
0x00007ffb4aea0000 - 0x00007ffb4aec9000 	C:\WINDOWS\System32\GDI32.dll
0x00007ffb49d90000 - 0x00007ffb49ea9000 	C:\WINDOWS\System32\gdi32full.dll
0x00007ffb49eb0000 - 0x00007ffb49f4a000 	C:\WINDOWS\System32\msvcp_win.dll
0x00007ffb4c460000 - 0x00007ffb4c491000 	C:\WINDOWS\System32\IMM32.DLL
0x00007ffb20ed0000 - 0x00007ffb20edc000 	C:\Program Files\Zulu\zulu-21\bin\vcruntime140_1.dll
0x00007ffae6610000 - 0x00007ffae669e000 	C:\Program Files\Zulu\zulu-21\bin\msvcp140.dll
0x00007ffa9f330000 - 0x00007ffaa00ca000 	C:\Program Files\Zulu\zulu-21\bin\server\jvm.dll
0x00007ffb4aed0000 - 0x00007ffb4af82000 	C:\WINDOWS\System32\ADVAPI32.dll
0x00007ffb4c4b0000 - 0x00007ffb4c559000 	C:\WINDOWS\System32\sechost.dll
0x00007ffb49f50000 - 0x00007ffb49f78000 	C:\WINDOWS\System32\bcrypt.dll
0x00007ffb4ad70000 - 0x00007ffb4ae84000 	C:\WINDOWS\System32\RPCRT4.dll
0x00007ffb4c560000 - 0x00007ffb4c5d1000 	C:\WINDOWS\System32\WS2_32.dll
0x00007ffb49080000 - 0x00007ffb490cd000 	C:\WINDOWS\SYSTEM32\POWRPROF.dll
0x00007ffb447a0000 - 0x00007ffb447d4000 	C:\WINDOWS\SYSTEM32\WINMM.dll
0x00007ffb40800000 - 0x00007ffb4080a000 	C:\WINDOWS\SYSTEM32\VERSION.dll
0x00007ffb49060000 - 0x00007ffb49073000 	C:\WINDOWS\SYSTEM32\UMPDC.dll
0x00007ffb48980000 - 0x00007ffb48998000 	C:\WINDOWS\SYSTEM32\kernel.appcore.dll
0x00007ffb1b0e0000 - 0x00007ffb1b0ea000 	C:\Program Files\Zulu\zulu-21\bin\jimage.dll
0x00007ffb47360000 - 0x00007ffb47592000 	C:\WINDOWS\SYSTEM32\DBGHELP.DLL
0x00007ffb4a600000 - 0x00007ffb4a98d000 	C:\WINDOWS\System32\combase.dll
0x00007ffb4a990000 - 0x00007ffb4aa67000 	C:\WINDOWS\System32\OLEAUT32.dll
0x00007ffb3a390000 - 0x00007ffb3a3c2000 	C:\WINDOWS\SYSTEM32\dbgcore.DLL
0x00007ffb49990000 - 0x00007ffb49a0b000 	C:\WINDOWS\System32\bcryptPrimitives.dll
0x00007ffae4f50000 - 0x00007ffae4f8c000 	C:\Program Files\Zulu\zulu-21\bin\jdwp.dll
0x00007ffb16370000 - 0x00007ffb1637f000 	C:\Program Files\Zulu\zulu-21\bin\instrument.dll
0x00007ffb0b6e0000 - 0x00007ffb0b6ff000 	C:\Program Files\Zulu\zulu-21\bin\java.dll
0x00007ffb07710000 - 0x00007ffb07728000 	C:\Program Files\Zulu\zulu-21\bin\zip.dll

dbghelp: loaded successfully - version: 4.0.5 - missing functions: none
symbol engine: initialized successfully - sym options: 0x614 - pdb path: .;C:\Program Files\Zulu\zulu-21\bin;C:\WINDOWS\SYSTEM32;C:\WINDOWS\WinSxS\amd64_microsoft.windows.common-controls_6595b64144ccf1df_6.0.22621.3672_none_2713b9d173822955;C:\Program Files\Zulu\zulu-21\bin\server

VM Arguments:
jvm_args: -Ddebugger.agent.enable.coroutines=true -Dkotlinx.coroutines.debug.enable.creation.stack.trace=false -Dorg.gradle.internal.worker.tmpdir=F:\Minecraft Mods\Showbiz-LowLevel\lib\build\tmp\test\work -Dorg.gradle.native=false -agentlib:jdwp=transport=dt_socket,server=n,suspend=y,address=127.0.0.1:58000 -javaagent:C:\Users\FlooferLand\AppData\Local\JetBrains\IdeaIC2024.2\captureAgent\debugger-agent.jar -Xmx512m -Dfile.encoding=UTF-8 -Duser.country=GB -Duser.language=en -Duser.variant -ea 
java_command: worker.org.gradle.process.internal.worker.GradleWorkerMain 'Gradle Test Executor 1'
java_class_path (initial): C:\Users\FlooferLand\scoop\apps\gradle\current\.gradle\caches\8.5\workerMain\gradle-worker.jar;F:\Minecraft Mods\Showbiz-LowLevel\lib\build\classes\java\test;F:\Minecraft Mods\Showbiz-LowLevel\lib\build\classes\java\main;F:\Minecraft Mods\Showbiz-LowLevel\lib\build\resources\main;C:\Users\FlooferLand\scoop\apps\gradle\current\.gradle\caches\modules-2\files-2.1\org.apache.commons\commons-math3\3.6.1\e4ba98f1d4b3c80ec46392f25e094a6a2e58fcbf\commons-math3-3.6.1.jar;C:\Users\FlooferLand\scoop\apps\gradle\current\.gradle\caches\modules-2\files-2.1\org.apache.commons\commons-compress\1.26.2\eb1f823447af685208e684fce84783b43517960c\commons-compress-1.26.2.jar;C:\Users\FlooferLand\scoop\apps\gradle\current\.gradle\caches\modules-2\files-2.1\org.tukaani\xz\1.9\1ea4bec1a921180164852c65006d928617bd2caf\xz-1.9.jar;C:\Users\FlooferLand\scoop\apps\gradle\current\.gradle\caches\modules-2\files-2.1\com.fasterxml.jackson.core\jackson-annotations\2.17.1\fca7ef6192c9ad05d07bc50da991bf937a84af3a\jackson-annotations-2.17.1.jar;C:\Users\FlooferLand\scoop\apps\gradle\current\.gradle\caches\modules-2\files-2.1\com.fasterxml.jackson.dataformat\jackson-dataformat-yaml\2.17.1\b4c7b8a9ea3f398116a75c146b982b22afebc4ee\jackson-dataformat-yaml-2.17.1.jar;C:\Users\FlooferLand\scoop\apps\gradle\current\.gradle\caches\modules-2\files-2.1\com.fasterxml.jackson.core\jackson-databind\2.17.1\524dcbcccdde7d45a679dfc333e4763feb09079\jackson-databind-2.17.1.jar;C:\Users\FlooferLand\scoop\apps\gradle\current\.gradle\caches\modules-2\files-2.1\com.fasterxml.jackson.core\jackson-core\2.17.1\5e52a11644cd59a28ef79f02bddc2cc3bab45edb\jackson-core-2.17.1.jar;C:\Users\FlooferLand\scoop\apps\gradle\current\.gradle\caches\modules-2\files-2.1\com.google.guava\guava\32.1.2-jre\5e64ec7e056456bef3a4bc4c6fdaef71e8ab6318\guava-32.1.2-jre.jar;C:\Users\FlooferLand\scoop\apps\gradle\current\.gradle\caches\modules-2\files-2.1\org.junit.jupiter\junit-jupiter-params\5.10.0\9041c7365495a897a64782ea5a6fdb99dab1814e\junit-jupiter-params-5.10.0.jar;C:\Users\FlooferLand\scoop\apps\gradle\current\.gradle\caches\modules-2\files-2.1\org.junit.jupiter\junit-jupiter-engine\5.10.0\90587932d718fc51a48112d33045a18476c542ad\junit-jupiter-engine-5.10.0.jar;C:\Users\FlooferLand\scoop\apps\gradle\current\.gradle\caches\modules-2\files-2.1\org.junit.jupiter\junit-jupiter-api\5.10.0\2fe4ba3d31d5067878e468c96aa039005a9134d3\junit-jupiter-api-5.10.0.jar;C:\Users\FlooferLand\scoop\apps\gradle\current\.gradle\caches\modules-2\files-2.1\org.junit.platform\junit-platform-launcher\1.10.0\89a1922534ed102be1fb2a8c0b2c6151297a12bf\junit-platform-launcher-1.10.0.jar;C:\Users\FlooferLand\scoop\apps\gradle\current\.gradle\caches\modules-2\files-2.1\org.junit.platform\junit-platform-engine\1.10.0\276c4edcf64fabb5a139fa7b4f99330d7a93b804\junit-platform-engine-1.10.0.jar;C:\Users\FlooferLand\scoop\apps\gradle\current\.gradle\caches\modules-2\files-2.1\org.junit.platform\junit-platform-commons\1.10.0\d533ff2c286eaf963566f92baf5f8a06628d2609\junit-platform-commons-1.10.0.jar;C:\Users\FlooferLand\scoop\apps\gradle\current\.gradle\caches\modules-2\files-2.1\org.junit.jupiter\junit-jupiter\5.10.0\8fea1d9c58b2156f1b998f2f18da04bc9e087f74\junit-jupiter-5.10.0.jar;C:\Users\FlooferLand\scoop\apps\gradle\current\.gradle\caches\modules-2\files-2.1\commons-codec\commons-codec\1.17.0\dbe8eef6e14460e73da07f7b11bf994d6626355\commons-codec-1.17.0.jar;C:\Users\FlooferLand\scoop\apps\gradle\current\.gradle\caches\modules-2\files-2.1\commons-io\commons-io\2.16.1\377d592e740dc77124e0901291dbfaa6810a200e\commons-io-2.16.1.jar;C:\Users\FlooferLand\scoop\apps\gradle\current\.gradle\caches\modules-2\files-2.1\org.apache.commons\commons-lang3\3.14.0\1ed471194b02f2c6cb734a0cd6f6f107c673afae\commons-lang3-3.14.0.jar;C:\Users\FlooferLand\scoop\apps\gradle\current\.gradle\caches\modules-2\files-2.1\org.yaml\snakeyaml\2.2\3af797a25458550a16bf89acc8e4ab2b7f2bfce0\snakeyaml-2.2.jar;C:\Users\FlooferLand\scoop\apps\gradle\current\.gradle\caches\modules-2\files-2.1\com.google.guava\failureaccess\1.0.1\1dcf1de382a0bf95a3d8b0849546c88bac1292c9\failureaccess-1.0.1.jar;C:\Users\FlooferLand\scoop\apps\gradle\current\.gradle\caches\modules-2\files-2.1\com.google.guava\listenablefuture\9999.0-empty-to-avoid-conflict-with-guava\b421526c5f297295adef1c886e5246c39d4ac629\listenablefuture-9999.0-empty-to-avoid-conflict-with-guava.jar;C:\Users\FlooferLand\scoop\apps\gradle\current\.gradle\caches\modules-2\files-2.1\com.google.code.findbugs\jsr305\3.0.2\25ea2e8b0c338a877313bd4672d3fe056ea78f0d\jsr305-3.0.2.jar;C:\Users\FlooferLand\scoop\apps\gradle\current\.gradle\caches\modules-2\files-2.1\org.checkerframework\checker-qual\3.33.0\de2b60b62da487644fc11f734e73c8b0b431238f\checker-qual-3.33.0.jar;C:\Users\FlooferLand\scoop\apps\gradle\current\.gradle\caches\modules-2\files-2.1\com.google.errorprone\error_prone_annotations\2.18.0\89b684257096f548fa39a7df9fdaa409d4d4df91\error_prone_annotations-2.18.0.jar;C:\Users\FlooferLand\scoop\apps\gradle\current\.gradle\caches\modules-2\files-2.1\org.opentest4j\opentest4j\1.3.0\152ea56b3a72f655d4fd677fc0ef2596c3dd5e6e\opentest4j-1.3.0.jar
Launcher Type: SUN_STANDARD

[Global flags]
     intx CICompilerCount                          = 4                                         {product} {ergonomic}
     uint ConcGCThreads                            = 3                                         {product} {ergonomic}
     uint G1ConcRefinementThreads                  = 10                                        {product} {ergonomic}
   size_t G1HeapRegionSize                         = 1048576                                   {product} {ergonomic}
    uintx GCDrainStackTargetSize                   = 64                                        {product} {ergonomic}
   size_t InitialHeapSize                          = 536870912                                 {product} {ergonomic}
   size_t MarkStackSize                            = 4194304                                   {product} {ergonomic}
   size_t MaxHeapSize                              = 536870912                                 {product} {command line}
   size_t MinHeapDeltaBytes                        = 1048576                                   {product} {ergonomic}
   size_t MinHeapSize                              = 8388608                                   {product} {ergonomic}
    uintx NonNMethodCodeHeapSize                   = 5839372                                {pd product} {ergonomic}
    uintx NonProfiledCodeHeapSize                  = 122909434                              {pd product} {ergonomic}
    uintx ProfiledCodeHeapSize                     = 122909434                              {pd product} {ergonomic}
    uintx ReservedCodeCacheSize                    = 251658240                              {pd product} {ergonomic}
     bool SegmentedCodeCache                       = true                                      {product} {ergonomic}
   size_t SoftMaxHeapSize                          = 536870912                              {manageable} {ergonomic}
     bool UseCompressedOops                        = true                           {product lp64_product} {ergonomic}
     bool UseG1GC                                  = true                                      {product} {ergonomic}
     bool UseLargePagesIndividualAllocation        = false                                  {pd product} {ergonomic}

Logging:
Log output configuration:
 #0: stdout all=warning uptime,level,tags foldmultilines=false
 #1: stderr all=off uptime,level,tags foldmultilines=false

Environment Variables:
JAVA_HOME=C:\Program Files\Eclipse Adoptium\jdk-21.0.4.7-hotspot\
PATH=C:\VulkanSDK\1.3.290.0\Bin;C:\Program Files\AdoptOpenJDK\jdk-8.0.292.10-hotspot\bin;C:\Program Files\Eclipse Adoptium\jdk-21.0.4.7-hotspot\bin;C:\Program Files\Zulu\zulu-17-jre\bin\;C:\Program Files\Zulu\zulu-21\bin\;C:\Program Files\Eclipse Adoptium\jre-20.0.2.9-hotspot\bin;C:\Program Files\Lapce\;C:\Program Files\LLVM\include\clang-c;C:\Program Files (x86)\Common Files\Intel\Shared Libraries\redist\intel64\compiler;C:\Windows\system32;C:\Windows;C:\Windows\System32\Wbem;C:\Windows\System32\WindowsPowerShell\v1.0\;C:\Windows\System32\OpenSSH\;C:\ProgramData\chocolatey\bin;C:\Program Files\NVIDIA Corporation\NVIDIA NvDLISR;C:\Program Files (x86)\NVIDIA Corporation\PhysX\Common;C:\Program Files\dotnet\;C:\gtk-build\gtk\x64\release\;C:\gtk-build\gtk\x64\release\bin;C:\gtk-build\gtk\x64\release\lib;C:\gtk-build\gtk\x64\release\include;C:\Program Files (x86)\cloudflared\;E:\MinGW\bin;E:\MinGW\lib;E:\MinGW\;C:\Program Files\AutoHotkey\v2;C:\Program Files\Docker\Docker;C:\Program Files\eSpeak NG\;C:\Program Files (x86)\Windows Kits\10\Windows Performance Toolkit\;C:\Program Files\LLVM\bin;C:\Program Files\LLVM\include;C:\Program Files\LLVM\lib;C:\Program Files\LLVM\lib\clang\18\include;C:\Program Files\LLVM\lib\clang\18\bin;C:\Program Files\LLVM\lib\clang\18\share;C:\Program Files\Docker\Docker\resources\bin;C:\Users\FlooferLand\.bun\bin;C:\HaxeToolkit\haxe;C:\HaxeToolkit\neko;C:\WINDOWS\system32;C:\WINDOWS;C:\WINDOWS\System32\Wbem;C:\WINDOWS\System32\WindowsPowerShell\v1.0\;C:\WINDOWS\System32\OpenSSH\;C:\Program Files\7-Zip\;C:\Program Files\komorebi\bin\;C:\Program Files\PowerShell\7\;C:\Program Files\GitHub CLI\;C:\Program Files\CMake\bin;C:\Program Files\Git\cmd;C:\Users\FlooferLand\AppData\Local\Programs\Python\Python312\Scripts\;C:\Users\FlooferLand\AppData\Local\Programs\Python\Python312\;C:\Users\FlooferLand\AppData\Local\Programs\Python\Launcher\;C:\Users\FlooferLand\.cargo\bin;C:\Users\FlooferLand\scoop\shims;C:\Users\FlooferLand\AppData\Local\pnpm;C:\Users\FlooferLand\AppData\Local\Microsoft\WindowsApps;C:\Users\FlooferLand\AppData\Local\GitHubDesktop\bin;C:\Users\FlooferLand\.dotnet\tools;C:\Users\FlooferLand\AppData\Roaming\Python\Python312\Scripts\;c:\users\flooferland\.local\bin;C:\Users\FlooferLand\AppData\Local\Microsoft\WinGet\Packages\Ninja-build.Ninja_Microsoft.Winget.Source_8wekyb3d8bbwe;C:\tools\dart-sdk\bin;C:\Users\FlooferLand\AppData\Local\Pub\Cache\bin;C:\Program Files\JetBrains\JetBrains Rider 2023.3.3\bin;C:\ProgramData\mingw64\mingw64\bin;C:\Users\FlooferLand\AppData\Local\Microsoft\WinGet\Links;C:\Users\FlooferLand\.dotnet\tools;C:\Users\FlooferLand\AppData\Local\Programs\Microsoft VS Code\bin;C:\Users\FlooferLand\AppData\Local\Microsoft\WindowsApps;C:\Program Files\JetBrains\RustRover 2024.1.4\bin;
USERNAME=FlooferLand
OS=Windows_NT
PROCESSOR_IDENTIFIER=AMD64 Family 23 Model 113 Stepping 0, AuthenticAMD
TMP=C:\Users\FLOOFE~1\AppData\Local\Temp
TEMP=C:\Users\FLOOFE~1\AppData\Local\Temp




Periodic native trim disabled

---------------  S Y S T E M  ---------------

OS:
 Windows 11 , 64 bit Build 22621 (10.0.22621.3958)
OS uptime: 0 days 11:13 hours
Hyper-V role detected

CPU: total 12 (initial active 12) (12 cores per cpu, 2 threads per core) family 23 model 113 stepping 0 microcode 0x0, cx8, cmov, fxsr, ht, mmx, 3dnowpref, sse, sse2, sse3, ssse3, sse4a, sse4.1, sse4.2, popcnt, lzcnt, tsc, tscinvbit, avx, avx2, aes, clmul, bmi1, bmi2, adx, sha, fma, vzeroupper, clflush, clflushopt, hv, rdtscp, rdpid, f16c
Processor Information for all 12 processors :
  Max Mhz: 4001, Current Mhz: 4001, Mhz Limit: 4001

Memory: 4k page, system-wide physical 32691M (12208M free)
TotalPageFile size 37601M (AvailPageFile size 99M)
current process WorkingSet (physical memory assigned to process): 11M, peak: 11M
current process commit charge ("private bytes"): 64M, peak: 576M

vm_info: OpenJDK 64-Bit Server VM (21.0.4+7-LTS) for windows-amd64 JRE (21.0.4+7-LTS) (Zulu21.36+17-CA), built on 2024-07-09T22:03:30Z by "zulu_re" with MS VC++ 17.1 (VS2022)

END.
